0 info it worked if it ends with ok
1 verbose cli [ '/usr/local/bin/node', '/usr/local/bin/npm', 'install' ]
2 info using npm@3.8.9
3 info using node@v6.2.0
4 silly loadCurrentTree Starting
5 silly install loadCurrentTree
6 silly install readLocalPackageData
7 silly install normalizeTree
8 silly loadCurrentTree Finishing
9 silly loadIdealTree Starting
10 silly install loadIdealTree
11 silly cloneCurrentTree Starting
12 silly install cloneCurrentTreeToIdealTree
13 silly cloneCurrentTree Finishing
14 silly loadShrinkwrap Starting
15 silly install loadShrinkwrap
16 silly loadShrinkwrap Finishing
17 silly loadAllDepsIntoIdealTree Starting
18 silly install loadAllDepsIntoIdealTree
19 silly fetchNamedPackageData yo
20 silly mapToRegistry name yo
21 silly mapToRegistry using default registry
22 silly mapToRegistry registry https://registry.npmjs.org/
23 silly mapToRegistry data Result {
23 silly mapToRegistry   raw: 'yo',
23 silly mapToRegistry   scope: null,
23 silly mapToRegistry   name: 'yo',
23 silly mapToRegistry   rawSpec: '',
23 silly mapToRegistry   spec: 'latest',
23 silly mapToRegistry   type: 'tag' }
24 silly mapToRegistry uri https://registry.npmjs.org/yo
25 silly fetchNamedPackageData bower
26 silly mapToRegistry name bower
27 silly mapToRegistry using default registry
28 silly mapToRegistry registry https://registry.npmjs.org/
29 silly mapToRegistry data Result {
29 silly mapToRegistry   raw: 'bower',
29 silly mapToRegistry   scope: null,
29 silly mapToRegistry   name: 'bower',
29 silly mapToRegistry   rawSpec: '',
29 silly mapToRegistry   spec: 'latest',
29 silly mapToRegistry   type: 'tag' }
30 silly mapToRegistry uri https://registry.npmjs.org/bower
31 silly fetchNamedPackageData generator-jasmine
32 silly mapToRegistry name generator-jasmine
33 silly mapToRegistry using default registry
34 silly mapToRegistry registry https://registry.npmjs.org/
35 silly mapToRegistry data Result {
35 silly mapToRegistry   raw: 'generator-jasmine',
35 silly mapToRegistry   scope: null,
35 silly mapToRegistry   name: 'generator-jasmine',
35 silly mapToRegistry   rawSpec: '',
35 silly mapToRegistry   spec: 'latest',
35 silly mapToRegistry   type: 'tag' }
36 silly mapToRegistry uri https://registry.npmjs.org/generator-jasmine
37 verbose request uri https://registry.npmjs.org/generator-jasmine
38 verbose request no auth needed
39 info attempt registry request try #1 at 09:12:03
40 verbose request id 0aa5a632ef110207
41 verbose etag "DKIESV1V9SFIXM8DIMYIEPYQA"
42 http request GET https://registry.npmjs.org/generator-jasmine
43 verbose request uri https://registry.npmjs.org/yo
44 verbose request no auth needed
45 info attempt registry request try #1 at 09:12:03
46 verbose etag "EU7MW72TJTRBJG2C2D6SBPJ0M"
47 http request GET https://registry.npmjs.org/yo
48 verbose request uri https://registry.npmjs.org/bower
49 verbose request no auth needed
50 info attempt registry request try #1 at 09:12:03
51 verbose etag "B2UYTOT6VYA7570UGI4GF73CJ"
52 http request GET https://registry.npmjs.org/bower
53 http 304 https://registry.npmjs.org/bower
54 verbose headers { date: 'Wed, 15 Jun 2016 08:11:56 GMT',
54 verbose headers   via: '1.1 varnish',
54 verbose headers   'cache-control': 'max-age=300',
54 verbose headers   etag: '"B2UYTOT6VYA7570UGI4GF73CJ"',
54 verbose headers   age: '85',
54 verbose headers   connection: 'keep-alive',
54 verbose headers   'x-served-by': 'cache-lhr6335-LHR',
54 verbose headers   'x-cache': 'HIT',
54 verbose headers   'x-cache-hits': '1',
54 verbose headers   'x-timer': 'S1465978316.226767,VS0,VE0',
54 verbose headers   vary: 'Accept-Encoding' }
55 silly get cb [ 304,
55 silly get   { date: 'Wed, 15 Jun 2016 08:11:56 GMT',
55 silly get     via: '1.1 varnish',
55 silly get     'cache-control': 'max-age=300',
55 silly get     etag: '"B2UYTOT6VYA7570UGI4GF73CJ"',
55 silly get     age: '85',
55 silly get     connection: 'keep-alive',
55 silly get     'x-served-by': 'cache-lhr6335-LHR',
55 silly get     'x-cache': 'HIT',
55 silly get     'x-cache-hits': '1',
55 silly get     'x-timer': 'S1465978316.226767,VS0,VE0',
55 silly get     vary: 'Accept-Encoding' } ]
56 verbose etag https://registry.npmjs.org/bower from cache
57 verbose get saving bower to /Users/mattia/.npm/registry.npmjs.org/bower/.cache.json
58 verbose correctMkdir /Users/mattia/.npm correctMkdir not in flight; initializing
59 http 304 https://registry.npmjs.org/yo
60 verbose headers { date: 'Wed, 15 Jun 2016 08:11:56 GMT',
60 verbose headers   via: '1.1 varnish',
60 verbose headers   'cache-control': 'max-age=300',
60 verbose headers   etag: '"EU7MW72TJTRBJG2C2D6SBPJ0M"',
60 verbose headers   age: '233',
60 verbose headers   connection: 'keep-alive',
60 verbose headers   'x-served-by': 'cache-lhr6347-LHR',
60 verbose headers   'x-cache': 'HIT',
60 verbose headers   'x-cache-hits': '1',
60 verbose headers   'x-timer': 'S1465978316.231186,VS0,VE0',
60 verbose headers   vary: 'Accept-Encoding' }
61 silly get cb [ 304,
61 silly get   { date: 'Wed, 15 Jun 2016 08:11:56 GMT',
61 silly get     via: '1.1 varnish',
61 silly get     'cache-control': 'max-age=300',
61 silly get     etag: '"EU7MW72TJTRBJG2C2D6SBPJ0M"',
61 silly get     age: '233',
61 silly get     connection: 'keep-alive',
61 silly get     'x-served-by': 'cache-lhr6347-LHR',
61 silly get     'x-cache': 'HIT',
61 silly get     'x-cache-hits': '1',
61 silly get     'x-timer': 'S1465978316.231186,VS0,VE0',
61 silly get     vary: 'Accept-Encoding' } ]
62 verbose etag https://registry.npmjs.org/yo from cache
63 verbose get saving yo to /Users/mattia/.npm/registry.npmjs.org/yo/.cache.json
64 verbose correctMkdir /Users/mattia/.npm correctMkdir already in flight; waiting
65 http 304 https://registry.npmjs.org/generator-jasmine
66 verbose headers { date: 'Wed, 15 Jun 2016 08:11:56 GMT',
66 verbose headers   via: '1.1 varnish',
66 verbose headers   'cache-control': 'max-age=300',
66 verbose headers   etag: '"DKIESV1V9SFIXM8DIMYIEPYQA"',
66 verbose headers   age: '6',
66 verbose headers   connection: 'keep-alive',
66 verbose headers   'x-served-by': 'cache-lhr6330-LHR',
66 verbose headers   'x-cache': 'HIT',
66 verbose headers   'x-cache-hits': '1',
66 verbose headers   'x-timer': 'S1465978316.236779,VS0,VE0',
66 verbose headers   vary: 'Accept-Encoding' }
67 silly get cb [ 304,
67 silly get   { date: 'Wed, 15 Jun 2016 08:11:56 GMT',
67 silly get     via: '1.1 varnish',
67 silly get     'cache-control': 'max-age=300',
67 silly get     etag: '"DKIESV1V9SFIXM8DIMYIEPYQA"',
67 silly get     age: '6',
67 silly get     connection: 'keep-alive',
67 silly get     'x-served-by': 'cache-lhr6330-LHR',
67 silly get     'x-cache': 'HIT',
67 silly get     'x-cache-hits': '1',
67 silly get     'x-timer': 'S1465978316.236779,VS0,VE0',
67 silly get     vary: 'Accept-Encoding' } ]
68 verbose etag https://registry.npmjs.org/generator-jasmine from cache
69 verbose get saving generator-jasmine to /Users/mattia/.npm/registry.npmjs.org/generator-jasmine/.cache.json
70 verbose correctMkdir /Users/mattia/.npm correctMkdir not in flight; initializing
71 silly resolveWithNewModule yo@1.8.4 checking installable status
72 silly cache add args [ 'yo@*', null ]
73 verbose cache add spec yo@*
74 silly cache add parsed spec Result {
74 silly cache add   raw: 'yo@*',
74 silly cache add   scope: null,
74 silly cache add   name: 'yo',
74 silly cache add   rawSpec: '*',
74 silly cache add   spec: '*',
74 silly cache add   type: 'range' }
75 silly addNamed yo@*
76 verbose addNamed "*" is a valid semver range for yo
77 silly addNameRange { name: 'yo', range: '*', hasData: false }
78 silly mapToRegistry name yo
79 silly mapToRegistry using default registry
80 silly mapToRegistry registry https://registry.npmjs.org/
81 silly mapToRegistry data Result {
81 silly mapToRegistry   raw: 'yo',
81 silly mapToRegistry   scope: null,
81 silly mapToRegistry   name: 'yo',
81 silly mapToRegistry   rawSpec: '',
81 silly mapToRegistry   spec: 'latest',
81 silly mapToRegistry   type: 'tag' }
82 silly mapToRegistry uri https://registry.npmjs.org/yo
83 verbose addNameRange registry:https://registry.npmjs.org/yo not in flight; fetching
84 silly resolveWithNewModule bower@1.7.9 checking installable status
85 silly cache add args [ 'bower@*', null ]
86 verbose cache add spec bower@*
87 silly cache add parsed spec Result {
87 silly cache add   raw: 'bower@*',
87 silly cache add   scope: null,
87 silly cache add   name: 'bower',
87 silly cache add   rawSpec: '*',
87 silly cache add   spec: '*',
87 silly cache add   type: 'range' }
88 silly addNamed bower@*
89 verbose addNamed "*" is a valid semver range for bower
90 silly addNameRange { name: 'bower', range: '*', hasData: false }
91 silly mapToRegistry name bower
92 silly mapToRegistry using default registry
93 silly mapToRegistry registry https://registry.npmjs.org/
94 silly mapToRegistry data Result {
94 silly mapToRegistry   raw: 'bower',
94 silly mapToRegistry   scope: null,
94 silly mapToRegistry   name: 'bower',
94 silly mapToRegistry   rawSpec: '',
94 silly mapToRegistry   spec: 'latest',
94 silly mapToRegistry   type: 'tag' }
95 silly mapToRegistry uri https://registry.npmjs.org/bower
96 verbose addNameRange registry:https://registry.npmjs.org/bower not in flight; fetching
97 silly fetchPackageMetaData Error: No compatible version found: generator-jasmine@8
97 silly fetchPackageMetaData Valid install targets:
97 silly fetchPackageMetaData 0.2.2, 0.2.1, 0.2.0, 0.1.3, 0.1.2, 0.1.1, 0.1.0
97 silly fetchPackageMetaData
97 silly fetchPackageMetaData     at pickVersionFromRegistryDocument (/usr/local/lib/node_modules/npm/lib/fetch-package-metadata.js:157:16)
97 silly fetchPackageMetaData     at /usr/local/lib/node_modules/npm/node_modules/iferr/index.js:13:50
97 silly fetchPackageMetaData     at /usr/local/lib/node_modules/npm/lib/utils/pulse-till-done.js:19:8
97 silly fetchPackageMetaData     at saved (/usr/local/lib/node_modules/npm/lib/cache/caching-client.js:168:7)
97 silly fetchPackageMetaData     at /usr/local/lib/node_modules/npm/node_modules/graceful-fs/polyfills.js:210:7
97 silly fetchPackageMetaData     at FSReqWrap.oncomplete (fs.js:117:15)
97 silly fetchPackageMetaData  error for generator-jasmine@8 Error: No compatible version found: generator-jasmine@8
97 silly fetchPackageMetaData Valid install targets:
97 silly fetchPackageMetaData 0.2.2, 0.2.1, 0.2.0, 0.1.3, 0.1.2, 0.1.1, 0.1.0
97 silly fetchPackageMetaData
97 silly fetchPackageMetaData     at pickVersionFromRegistryDocument (/usr/local/lib/node_modules/npm/lib/fetch-package-metadata.js:157:16)
97 silly fetchPackageMetaData     at /usr/local/lib/node_modules/npm/node_modules/iferr/index.js:13:50
97 silly fetchPackageMetaData     at /usr/local/lib/node_modules/npm/lib/utils/pulse-till-done.js:19:8
97 silly fetchPackageMetaData     at saved (/usr/local/lib/node_modules/npm/lib/cache/caching-client.js:168:7)
97 silly fetchPackageMetaData     at /usr/local/lib/node_modules/npm/node_modules/graceful-fs/polyfills.js:210:7
97 silly fetchPackageMetaData     at FSReqWrap.oncomplete (fs.js:117:15)
98 verbose get https://registry.npmjs.org/yo not expired, no request
99 silly addNameRange number 2 { name: 'yo', range: '*', hasData: true }
100 silly addNameRange versions [ 'yo',
100 silly addNameRange   [ '1.1.0',
100 silly addNameRange     '1.1.1',
100 silly addNameRange     '1.1.2',
100 silly addNameRange     '1.2.0',
100 silly addNameRange     '1.2.1',
100 silly addNameRange     '1.3.0',
100 silly addNameRange     '1.3.2',
100 silly addNameRange     '1.3.3',
100 silly addNameRange     '1.4.1',
100 silly addNameRange     '1.4.2',
100 silly addNameRange     '1.4.4',
100 silly addNameRange     '1.4.5',
100 silly addNameRange     '1.4.6',
100 silly addNameRange     '1.4.7',
100 silly addNameRange     '1.4.8',
100 silly addNameRange     '1.5.0',
100 silly addNameRange     '1.5.1',
100 silly addNameRange     '1.6.0',
100 silly addNameRange     '1.7.0',
100 silly addNameRange     '1.7.1',
100 silly addNameRange     '1.8.1',
100 silly addNameRange     '1.8.2',
100 silly addNameRange     '1.8.3',
100 silly addNameRange     '1.8.4' ] ]
101 silly addNamed yo@1.8.4
102 verbose addNamed "1.8.4" is a plain semver version for yo
103 verbose get https://registry.npmjs.org/bower not expired, no request
104 silly addNameRange number 2 { name: 'bower', range: '*', hasData: true }
105 silly addNameRange versions [ 'bower',
105 silly addNameRange   [ '0.1.0',
105 silly addNameRange     '0.1.2',
105 silly addNameRange     '0.1.3',
105 silly addNameRange     '0.2.0',
105 silly addNameRange     '0.3.0',
105 silly addNameRange     '0.3.1',
105 silly addNameRange     '0.3.2',
105 silly addNameRange     '0.4.0',
105 silly addNameRange     '0.5.0',
105 silly addNameRange     '0.5.1',
105 silly addNameRange     '0.6.0',
105 silly addNameRange     '0.6.1',
105 silly addNameRange     '0.6.2',
105 silly addNameRange     '0.6.3',
105 silly addNameRange     '0.6.4',
105 silly addNameRange     '0.6.5',
105 silly addNameRange     '0.6.6',
105 silly addNameRange     '0.6.7',
105 silly addNameRange     '0.6.8',
105 silly addNameRange     '0.7.0',
105 silly addNameRange     '0.7.1',
105 silly addNameRange     '0.8.0',
105 silly addNameRange     '0.8.1',
105 silly addNameRange     '0.8.2',
105 silly addNameRange     '0.8.3',
105 silly addNameRange     '0.8.4',
105 silly addNameRange     '0.8.5',
105 silly addNameRange     '0.8.6',
105 silly addNameRange     '0.9.0',
105 silly addNameRange     '0.9.1',
105 silly addNameRange     '0.9.2',
105 silly addNameRange     '0.10.0',
105 silly addNameRange     '1.0.0',
105 silly addNameRange     '1.0.1',
105 silly addNameRange     '1.0.2',
105 silly addNameRange     '1.0.3',
105 silly addNameRange     '1.1.0',
105 silly addNameRange     '1.1.1',
105 silly addNameRange     '1.1.2',
105 silly addNameRange     '1.2.0',
105 silly addNameRange     '1.2.1',
105 silly addNameRange     '1.2.2',
105 silly addNameRange     '1.2.3',
105 silly addNameRange     '1.2.4',
105 silly addNameRange     '1.2.5',
105 silly addNameRange     '1.2.6',
105 silly addNameRange     '1.2.7',
105 silly addNameRange     '1.2.8',
105 silly addNameRange     '1.3.0',
105 silly addNameRange     '1.3.1',
105 silly addNameRange     '1.3.2',
105 silly addNameRange     '1.3.3',
105 silly addNameRange     '1.3.4',
105 silly addNameRange     '1.3.5',
105 silly addNameRange     '1.3.6',
105 silly addNameRange     '1.3.7',
105 silly addNameRange     '1.3.8',
105 silly addNameRange     '1.3.9',
105 silly addNameRange     '1.3.10',
105 silly addNameRange     '1.3.11',
105 silly addNameRange     '1.3.12',
105 silly addNameRange     '1.4.0',
105 silly addNameRange     '1.4.1',
105 silly addNameRange     '1.5.0',
105 silly addNameRange     '1.5.1',
105 silly addNameRange     '1.5.2',
105 silly addNameRange     '1.5.3',
105 silly addNameRange     '1.6.2',
105 silly addNameRange     '1.6.3',
105 silly addNameRange     '1.6.4',
105 silly addNameRange     '1.6.5',
105 silly addNameRange     '1.5.4',
105 silly addNameRange     '1.4.2',
105 silly addNameRange     '1.6.6',
105 silly addNameRange     '1.6.7',
105 silly addNameRange     '1.6.8',
105 silly addNameRange     '1.6.9',
105 silly addNameRange     '1.7.0',
105 silly addNameRange     '1.7.1',
105 silly addNameRange     '1.7.2',
105 silly addNameRange     '1.7.5',
105 silly addNameRange     '1.7.6',
105 silly addNameRange     '1.7.7',
105 silly addNameRange     '1.7.8',
105 silly addNameRange     '1.7.9' ] ]
106 silly addNamed bower@1.7.9
107 verbose addNamed "1.7.9" is a plain semver version for bower
108 silly cache afterAdd bower@1.7.9
109 verbose afterAdd /Users/mattia/.npm/bower/1.7.9/package/package.json not in flight; writing
110 verbose correctMkdir /Users/mattia/.npm correctMkdir not in flight; initializing
111 silly cache afterAdd yo@1.8.4
112 verbose afterAdd /Users/mattia/.npm/yo/1.8.4/package/package.json not in flight; writing
113 verbose correctMkdir /Users/mattia/.npm correctMkdir not in flight; initializing
114 verbose afterAdd /Users/mattia/.npm/yo/1.8.4/package/package.json written
115 verbose afterAdd /Users/mattia/.npm/bower/1.7.9/package/package.json written
116 silly rollbackFailedOptional Starting
117 silly rollbackFailedOptional Finishing
118 silly runTopLevelLifecycles Starting
119 silly runTopLevelLifecycles Finishing
120 silly install printInstalled
121 verbose stack Error: No compatible version found: generator-jasmine@8
121 verbose stack Valid install targets:
121 verbose stack 0.2.2, 0.2.1, 0.2.0, 0.1.3, 0.1.2, 0.1.1, 0.1.0
121 verbose stack
121 verbose stack     at pickVersionFromRegistryDocument (/usr/local/lib/node_modules/npm/lib/fetch-package-metadata.js:157:16)
121 verbose stack     at /usr/local/lib/node_modules/npm/node_modules/iferr/index.js:13:50
121 verbose stack     at /usr/local/lib/node_modules/npm/lib/utils/pulse-till-done.js:19:8
121 verbose stack     at saved (/usr/local/lib/node_modules/npm/lib/cache/caching-client.js:168:7)
121 verbose stack     at /usr/local/lib/node_modules/npm/node_modules/graceful-fs/polyfills.js:210:7
121 verbose stack     at FSReqWrap.oncomplete (fs.js:117:15)
122 verbose cwd /Users/mattia/FAC8/week2/stopWatch
123 error Darwin 15.0.0
124 error argv "/usr/local/bin/node" "/usr/local/bin/npm" "install"
125 error node v6.2.0
126 error npm  v3.8.9
127 error No compatible version found: generator-jasmine@8
127 error Valid install targets:
127 error 0.2.2, 0.2.1, 0.2.0, 0.1.3, 0.1.2, 0.1.1, 0.1.0
128 error If you need help, you may report this error at:
128 error     <https://github.com/npm/npm/issues>
129 verbose exit [ 1, true ]
